<?xml version="1.0" encoding="UTF-8"?>
<!-- Generated by org.testng.reporters.JUnitXMLReporter -->
<testsuite ignored="0" hostname="ROG" failures="0" tests="12" name="Test" time="0.081" errors="0" timestamp="08 Sep 2020 03:56:25 GMT">
  <testcase classname="tests.Testing1" name="Krunal" time="0.005"/>
  <testcase classname="tests.Testing1" name="Krunal" time="0.001"/>
  <testcase classname="tests.Testing1" name="test1" time="0.001"/>
  <testcase classname="tests.Testing1" name="test1" time="0.001"/>
  <testcase classname="tests.Testing1" name="test1" time="0.001"/>
  <testcase classname="tests.Testing1" name="test2" time="0.001"/>
  <testcase classname="tests.Testing1" name="test3" time="0.001"/>
  <testcase classname="tests.Testing2" name="test4" time="0.001"/>
  <testcase classname="tests.Testing2" name="test5" time="0.002"/>
  <testcase classname="tests.Testing3" name="homeTest" time="0.004"/>
  <testcase classname="tests.Testing3" name="mainTest" time="0.003"/>
  <testcase classname="tests.Testing3" name="endTest" time="0.004"/>
</testsuite> <!-- Test -->
