<?xml version="1.0" encoding="UTF-8"?>
<testng-results ignored="0" total="12" passed="12" failed="0" skipped="0">
  <reporter-output>
  </reporter-output>
  <suite started-at="2020-09-08T03:56:25Z" name="Suite" finished-at="2020-09-08T03:56:25Z" duration-ms="81">
    <groups>
      <group name="smoke">
        <method signature="Testing3.endTest()[pri:3, instance:tests.Testing3@10db82ae]" name="endTest" class="tests.Testing3"/>
        <method signature="Testing3.mainTest()[pri:2, instance:tests.Testing3@10db82ae]" name="mainTest" class="tests.Testing3"/>
      </group> <!-- smoke -->
      <group name="krunal">
        <method signature="Testing3.endTest()[pri:3, instance:tests.Testing3@10db82ae]" name="endTest" class="tests.Testing3"/>
      </group> <!-- krunal -->
      <group name="sanity">
        <method signature="Testing3.mainTest()[pri:2, instance:tests.Testing3@10db82ae]" name="mainTest" class="tests.Testing3"/>
      </group> <!-- sanity -->
    </groups>
    <test started-at="2020-09-08T03:56:25Z" name="Test" finished-at="2020-09-08T03:56:25Z" duration-ms="81">
      <class name="tests.Testing3">
        <test-method signature="homeTest()[pri:1, instance:tests.Testing3@10db82ae]" started-at="2020-09-08T03:56:25Z" name="homeTest" finished-at="2020-09-08T03:56:25Z" duration-ms="4" status="PASS">
          <reporter-output>
          </reporter-output>
        </test-method> <!-- homeTest -->
        <test-method signature="mainTest()[pri:2, instance:tests.Testing3@10db82ae]" started-at="2020-09-08T03:56:25Z" name="mainTest" finished-at="2020-09-08T03:56:25Z" depends-on-methods="tests.Testing3.homeTest" duration-ms="3" status="PASS">
          <reporter-output>
          </reporter-output>
        </test-method> <!-- mainTest -->
        <test-method signature="endTest()[pri:3, instance:tests.Testing3@10db82ae]" started-at="2020-09-08T03:56:25Z" name="endTest" finished-at="2020-09-08T03:56:25Z" duration-ms="4" status="PASS">
          <reporter-output>
          </reporter-output>
        </test-method> <!-- endTest -->
      </class> <!-- tests.Testing3 -->
      <class name="tests.Testing1">
        <test-method is-config="true" signature="beforeSuite()[pri:0, instance:tests.Testing1@1d76aeea]" started-at="2020-09-08T03:56:25Z" name="beforeSuite" finished-at="2020-09-08T03:56:25Z" duration-ms="13" status="PASS">
          <reporter-output>
          </reporter-output>
        </test-method> <!-- beforeSuite -->
        <test-method is-config="true" signature="beforeTest()[pri:0, instance:tests.Testing1@1d76aeea]" started-at="2020-09-08T03:56:25Z" name="beforeTest" finished-at="2020-09-08T03:56:25Z" duration-ms="0" status="PASS">
          <reporter-output>
          </reporter-output>
        </test-method> <!-- beforeTest -->
        <test-method is-config="true" signature="beforeClass()[pri:0, instance:tests.Testing1@1d76aeea]" started-at="2020-09-08T03:56:25Z" name="beforeClass" finished-at="2020-09-08T03:56:25Z" duration-ms="1" status="PASS">
          <reporter-output>
          </reporter-output>
        </test-method> <!-- beforeClass -->
        <test-method is-config="true" signature="beforeMethod()[pri:0, instance:tests.Testing1@1d76aeea]" started-at="2020-09-08T03:56:25Z" name="beforeMethod" finished-at="2020-09-08T03:56:25Z" duration-ms="1" status="PASS">
          <reporter-output>
          </reporter-output>
        </test-method> <!-- beforeMethod -->
        <test-method signature="Krunal(java.lang.Integer, java.lang.String, java.lang.String)[pri:0, instance:tests.Testing1@1d76aeea]" started-at="2020-09-08T03:56:25Z" name="Krunal" data-provider="dp" finished-at="2020-09-08T03:56:25Z" duration-ms="5" status="PASS">
          <params>
            <param index="0">
              <value>
                <![CDATA[1]]>
              </value>
            </param>
            <param index="1">
              <value>
                <![CDATA[Krunal]]>
              </value>
            </param>
            <param index="2">
              <value>
                <![CDATA[a]]>
              </value>
            </param>
          </params>
          <reporter-output>
          </reporter-output>
        </test-method> <!-- Krunal -->
        <test-method is-config="true" signature="afterMethod()[pri:0, instance:tests.Testing1@1d76aeea]" started-at="2020-09-08T03:56:25Z" name="afterMethod" finished-at="2020-09-08T03:56:25Z" duration-ms="0" status="PASS">
          <reporter-output>
          </reporter-output>
        </test-method> <!-- afterMethod -->
        <test-method signature="Krunal(java.lang.Integer, java.lang.String, java.lang.String)[pri:0, instance:tests.Testing1@1d76aeea]" started-at="2020-09-08T03:56:25Z" name="Krunal" data-provider="dp" finished-at="2020-09-08T03:56:25Z" duration-ms="1" status="PASS">
          <params>
            <param index="0">
              <value>
                <![CDATA[2]]>
              </value>
            </param>
            <param index="1">
              <value>
                <![CDATA[Ashish]]>
              </value>
            </param>
            <param index="2">
              <value>
                <![CDATA[b]]>
              </value>
            </param>
          </params>
          <reporter-output>
          </reporter-output>
        </test-method> <!-- Krunal -->
        <test-method is-config="true" signature="beforeMethod()[pri:0, instance:tests.Testing1@1d76aeea]" started-at="2020-09-08T03:56:25Z" name="beforeMethod" finished-at="2020-09-08T03:56:25Z" duration-ms="0" status="PASS">
          <reporter-output>
          </reporter-output>
        </test-method> <!-- beforeMethod -->
        <test-method is-config="true" signature="afterMethod()[pri:0, instance:tests.Testing1@1d76aeea]" started-at="2020-09-08T03:56:25Z" name="afterMethod" finished-at="2020-09-08T03:56:25Z" duration-ms="1" status="PASS">
          <reporter-output>
          </reporter-output>
        </test-method> <!-- afterMethod -->
        <test-method is-config="true" signature="beforeMethod()[pri:0, instance:tests.Testing1@1d76aeea]" started-at="2020-09-08T03:56:25Z" name="beforeMethod" finished-at="2020-09-08T03:56:25Z" duration-ms="0" status="PASS">
          <reporter-output>
          </reporter-output>
        </test-method> <!-- beforeMethod -->
        <test-method signature="test1(java.lang.Integer, java.lang.String)[pri:0, instance:tests.Testing1@1d76aeea]" started-at="2020-09-08T03:56:25Z" name="test1" data-provider="ashish" finished-at="2020-09-08T03:56:25Z" duration-ms="1" status="PASS">
          <params>
            <param index="0">
              <value>
                <![CDATA[3]]>
              </value>
            </param>
            <param index="1">
              <value>
                <![CDATA[c]]>
              </value>
            </param>
          </params>
          <reporter-output>
          </reporter-output>
        </test-method> <!-- test1 -->
        <test-method is-config="true" signature="beforeMethod()[pri:0, instance:tests.Testing1@1d76aeea]" started-at="2020-09-08T03:56:25Z" name="beforeMethod" finished-at="2020-09-08T03:56:25Z" duration-ms="1" status="PASS">
          <reporter-output>
          </reporter-output>
        </test-method> <!-- beforeMethod -->
        <test-method is-config="true" signature="afterMethod()[pri:0, instance:tests.Testing1@1d76aeea]" started-at="2020-09-08T03:56:25Z" name="afterMethod" finished-at="2020-09-08T03:56:25Z" duration-ms="0" status="PASS">
          <reporter-output>
          </reporter-output>
        </test-method> <!-- afterMethod -->
        <test-method signature="test1(java.lang.Integer, java.lang.String)[pri:0, instance:tests.Testing1@1d76aeea]" started-at="2020-09-08T03:56:25Z" name="test1" data-provider="ashish" finished-at="2020-09-08T03:56:25Z" duration-ms="1" status="PASS">
          <params>
            <param index="0">
              <value>
                <![CDATA[4]]>
              </value>
            </param>
            <param index="1">
              <value>
                <![CDATA[d]]>
              </value>
            </param>
          </params>
          <reporter-output>
          </reporter-output>
        </test-method> <!-- test1 -->
        <test-method is-config="true" signature="afterMethod()[pri:0, instance:tests.Testing1@1d76aeea]" started-at="2020-09-08T03:56:25Z" name="afterMethod" finished-at="2020-09-08T03:56:25Z" duration-ms="0" status="PASS">
          <reporter-output>
          </reporter-output>
        </test-method> <!-- afterMethod -->
        <test-method signature="test1(java.lang.Integer, java.lang.String)[pri:0, instance:tests.Testing1@1d76aeea]" started-at="2020-09-08T03:56:25Z" name="test1" data-provider="ashish" finished-at="2020-09-08T03:56:25Z" duration-ms="1" status="PASS">
          <params>
            <param index="0">
              <value>
                <![CDATA[5]]>
              </value>
            </param>
            <param index="1">
              <value>
                <![CDATA[e]]>
              </value>
            </param>
          </params>
          <reporter-output>
          </reporter-output>
        </test-method> <!-- test1 -->
        <test-method is-config="true" signature="beforeMethod()[pri:0, instance:tests.Testing1@1d76aeea]" started-at="2020-09-08T03:56:25Z" name="beforeMethod" finished-at="2020-09-08T03:56:25Z" duration-ms="0" status="PASS">
          <reporter-output>
          </reporter-output>
        </test-method> <!-- beforeMethod -->
        <test-method is-config="true" signature="afterMethod()[pri:0, instance:tests.Testing1@1d76aeea]" started-at="2020-09-08T03:56:25Z" name="afterMethod" finished-at="2020-09-08T03:56:25Z" duration-ms="1" status="PASS">
          <reporter-output>
          </reporter-output>
        </test-method> <!-- afterMethod -->
        <test-method is-config="true" signature="beforeMethod()[pri:0, instance:tests.Testing1@1d76aeea]" started-at="2020-09-08T03:56:25Z" name="beforeMethod" finished-at="2020-09-08T03:56:25Z" duration-ms="0" status="PASS">
          <reporter-output>
          </reporter-output>
        </test-method> <!-- beforeMethod -->
        <test-method signature="test2()[pri:0, instance:tests.Testing1@1d76aeea]" started-at="2020-09-08T03:56:25Z" name="test2" finished-at="2020-09-08T03:56:25Z" duration-ms="1" status="PASS">
          <reporter-output>
          </reporter-output>
        </test-method> <!-- test2 -->
        <test-method is-config="true" signature="afterMethod()[pri:0, instance:tests.Testing1@1d76aeea]" started-at="2020-09-08T03:56:25Z" name="afterMethod" finished-at="2020-09-08T03:56:25Z" duration-ms="0" status="PASS">
          <reporter-output>
          </reporter-output>
        </test-method> <!-- afterMethod -->
        <test-method signature="test3()[pri:0, instance:tests.Testing1@1d76aeea]" started-at="2020-09-08T03:56:25Z" name="test3" finished-at="2020-09-08T03:56:25Z" duration-ms="1" status="PASS">
          <reporter-output>
          </reporter-output>
        </test-method> <!-- test3 -->
        <test-method is-config="true" signature="beforeMethod()[pri:0, instance:tests.Testing1@1d76aeea]" started-at="2020-09-08T03:56:25Z" name="beforeMethod" finished-at="2020-09-08T03:56:25Z" duration-ms="0" status="PASS">
          <reporter-output>
          </reporter-output>
        </test-method> <!-- beforeMethod -->
        <test-method is-config="true" signature="afterMethod()[pri:0, instance:tests.Testing1@1d76aeea]" started-at="2020-09-08T03:56:25Z" name="afterMethod" finished-at="2020-09-08T03:56:25Z" duration-ms="0" status="PASS">
          <reporter-output>
          </reporter-output>
        </test-method> <!-- afterMethod -->
        <test-method is-config="true" signature="afterClass()[pri:0, instance:tests.Testing1@1d76aeea]" started-at="2020-09-08T03:56:25Z" name="afterClass" finished-at="2020-09-08T03:56:25Z" duration-ms="0" status="PASS">
          <reporter-output>
          </reporter-output>
        </test-method> <!-- afterClass -->
        <test-method is-config="true" signature="afterTest()[pri:0, instance:tests.Testing1@1d76aeea]" started-at="2020-09-08T03:56:25Z" name="afterTest" finished-at="2020-09-08T03:56:25Z" duration-ms="1" status="PASS">
          <reporter-output>
          </reporter-output>
        </test-method> <!-- afterTest -->
        <test-method is-config="true" signature="afterSuite()[pri:0, instance:tests.Testing1@1d76aeea]" started-at="2020-09-08T03:56:25Z" name="afterSuite" finished-at="2020-09-08T03:56:25Z" duration-ms="0" status="PASS">
          <reporter-output>
          </reporter-output>
        </test-method> <!-- afterSuite -->
      </class> <!-- tests.Testing1 -->
      <class name="tests.Testing2">
        <test-method signature="test4()[pri:0, instance:tests.Testing2@78dd667e]" started-at="2020-09-08T03:56:25Z" name="test4" finished-at="2020-09-08T03:56:25Z" duration-ms="1" status="PASS">
          <reporter-output>
          </reporter-output>
        </test-method> <!-- test4 -->
        <test-method signature="test5()[pri:0, instance:tests.Testing2@78dd667e]" started-at="2020-09-08T03:56:25Z" name="test5" finished-at="2020-09-08T03:56:25Z" duration-ms="2" status="PASS">
          <reporter-output>
          </reporter-output>
        </test-method> <!-- test5 -->
      </class> <!-- tests.Testing2 -->
    </test> <!-- Test -->
  </suite> <!-- Suite -->
</testng-results>
